{
  "uid" : "7607589c3805782b",
  "name" : "navigate to element within Array that contains single element",
  "fullName" : "navigate to element within Array that contains single element",
  "historyId" : "5a44c121693834b52c986fa4d2ac8549",
  "time" : {
    "start" : 1594219847259,
    "stop" : 1594219850505,
    "duration" : 3246
  },
  "description" : "\n        Singleton arrays support 'single' navigation method         \n    ",
  "descriptionHtml" : "<pre><code>    Singleton arrays support 'single' navigation method         \n</code></pre>\n",
  "status" : "broken",
  "statusMessage" : "Failed to access bodyJson()[\"accounts\"].single(). Current value is null.",
  "statusTrace" : "java.lang.IllegalArgumentException: Failed to access bodyJson()[\"accounts\"].single(). Current value is null.\n\tat ru.fix.kbdd.asserts.NavigationContext$DefaultImpls.requireNotNullNode(Explorable.kt:49)\n\tat ru.fix.kbdd.asserts.KPath$context$1.requireNotNullNode(KPath.kt:29)\n\tat ru.fix.kbdd.asserts.NavigationContext$DefaultImpls.requireNotNullList(Explorable.kt:63)\n\tat ru.fix.kbdd.asserts.KPath$context$1.requireNotNullList(KPath.kt:29)\n\tat ru.fix.kbdd.asserts.ExplorableKt$single$1$1.node(Explorable.kt:193)\n\tat ru.fix.kbdd.asserts.KPath.navigate(KPath.kt:48)\n\tat ru.fix.kbdd.asserts.ExplorableKt.single(Explorable.kt:189)\n\tat ru.fix.kbdd.example.cases.NavigationTest.navigate to element within Array that contains single element(NavigationTest.kt:188)\n\tat ru.fix.kbdd.example.cases.NavigationTest$navigate to element within Array that contains single element$1.invokeSuspend(NavigationTest.kt)\n\tat \b\b\b(Coroutine boundary.\b(\b)\n\tat ru.fix.corounit.engine.ExecutionContext.notifyListenerAndRunInSupervisorScope(ExecutionContext.kt:21)\n\tat ru.fix.corounit.engine.ClassRunner$executeMethod$2.invokeSuspend(ClassRunner.kt:118)\nCaused by: java.lang.IllegalArgumentException: Failed to access bodyJson()[\"accounts\"].single(). Current value is null.\n\tat ru.fix.kbdd.asserts.NavigationContext$DefaultImpls.requireNotNullNode(Explorable.kt:49)\n\tat ru.fix.kbdd.asserts.KPath$context$1.requireNotNullNode(KPath.kt:29)\n\tat ru.fix.kbdd.asserts.NavigationContext$DefaultImpls.requireNotNullList(Explorable.kt:63)\n\tat ru.fix.kbdd.asserts.KPath$context$1.requireNotNullList(KPath.kt:29)\n\tat ru.fix.kbdd.asserts.ExplorableKt$single$1$1.node(Explorable.kt:193)\n\tat ru.fix.kbdd.asserts.KPath.navigate(KPath.kt:48)\n\tat ru.fix.kbdd.asserts.ExplorableKt.single(Explorable.kt:189)\n\tat ru.fix.kbdd.example.cases.NavigationTest.navigate to element within Array that contains single element(NavigationTest.kt:188)\n\tat ru.fix.kbdd.example.cases.NavigationTest$navigate to element within Array that contains single element$1.invokeSuspend(NavigationTest.kt)\n\tat kotlin.coroutines.jvm.internal.BaseContinuationImpl.resumeWith(ContinuationImpl.kt:33)\n\tat kotlinx.coroutines.DispatchedTask.run(DispatchedTask.kt:56)\n\tat java.base/java.util.concurrent.ThreadPoolExecutor.runWorker(ThreadPoolExecutor.java:1128)\n\tat java.base/java.util.concurrent.ThreadPoolExecutor$Worker.run(ThreadPoolExecutor.java:628)\n\tat java.base/java.lang.Thread.run(Thread.java:834)\n",
  "flaky" : false,
  "newFailed" : false,
  "beforeStages" : [ ],
  "testStage" : {
    "description" : "\n        Singleton arrays support 'single' navigation method         \n    ",
    "status" : "broken",
    "statusMessage" : "Failed to access bodyJson()[\"accounts\"].single(). Current value is null.",
    "statusTrace" : "java.lang.IllegalArgumentException: Failed to access bodyJson()[\"accounts\"].single(). Current value is null.\n\tat ru.fix.kbdd.asserts.NavigationContext$DefaultImpls.requireNotNullNode(Explorable.kt:49)\n\tat ru.fix.kbdd.asserts.KPath$context$1.requireNotNullNode(KPath.kt:29)\n\tat ru.fix.kbdd.asserts.NavigationContext$DefaultImpls.requireNotNullList(Explorable.kt:63)\n\tat ru.fix.kbdd.asserts.KPath$context$1.requireNotNullList(KPath.kt:29)\n\tat ru.fix.kbdd.asserts.ExplorableKt$single$1$1.node(Explorable.kt:193)\n\tat ru.fix.kbdd.asserts.KPath.navigate(KPath.kt:48)\n\tat ru.fix.kbdd.asserts.ExplorableKt.single(Explorable.kt:189)\n\tat ru.fix.kbdd.example.cases.NavigationTest.navigate to element within Array that contains single element(NavigationTest.kt:188)\n\tat ru.fix.kbdd.example.cases.NavigationTest$navigate to element within Array that contains single element$1.invokeSuspend(NavigationTest.kt)\n\tat \b\b\b(Coroutine boundary.\b(\b)\n\tat ru.fix.corounit.engine.ExecutionContext.notifyListenerAndRunInSupervisorScope(ExecutionContext.kt:21)\n\tat ru.fix.corounit.engine.ClassRunner$executeMethod$2.invokeSuspend(ClassRunner.kt:118)\nCaused by: java.lang.IllegalArgumentException: Failed to access bodyJson()[\"accounts\"].single(). Current value is null.\n\tat ru.fix.kbdd.asserts.NavigationContext$DefaultImpls.requireNotNullNode(Explorable.kt:49)\n\tat ru.fix.kbdd.asserts.KPath$context$1.requireNotNullNode(KPath.kt:29)\n\tat ru.fix.kbdd.asserts.NavigationContext$DefaultImpls.requireNotNullList(Explorable.kt:63)\n\tat ru.fix.kbdd.asserts.KPath$context$1.requireNotNullList(KPath.kt:29)\n\tat ru.fix.kbdd.asserts.ExplorableKt$single$1$1.node(Explorable.kt:193)\n\tat ru.fix.kbdd.asserts.KPath.navigate(KPath.kt:48)\n\tat ru.fix.kbdd.asserts.ExplorableKt.single(Explorable.kt:189)\n\tat ru.fix.kbdd.example.cases.NavigationTest.navigate to element within Array that contains single element(NavigationTest.kt:188)\n\tat ru.fix.kbdd.example.cases.NavigationTest$navigate to element within Array that contains single element$1.invokeSuspend(NavigationTest.kt)\n\tat kotlin.coroutines.jvm.internal.BaseContinuationImpl.resumeWith(ContinuationImpl.kt:33)\n\tat kotlinx.coroutines.DispatchedTask.run(DispatchedTask.kt:56)\n\tat java.base/java.util.concurrent.ThreadPoolExecutor.runWorker(ThreadPoolExecutor.java:1128)\n\tat java.base/java.util.concurrent.ThreadPoolExecutor$Worker.run(ThreadPoolExecutor.java:628)\n\tat java.base/java.lang.Thread.run(Thread.java:834)\n",
    "steps" : [ {
      "name" : "Code snippet",
      "time" : {
        "start" : 1594219847394,
        "stop" : 1594219847394,
        "duration" : 0
      },
      "status" : "passed",
      "steps" : [ ],
      "attachments" : [ {
        "uid" : "75af74e2d9d6fe1e",
        "name" : "code-snippet",
        "source" : "75af74e2d9d6fe1e.txt",
        "type" : "text/plain",
        "size" : 750
      } ],
      "parameters" : [ ],
      "stepsCount" : 0,
      "attachmentsCount" : 1,
      "shouldDisplayMessage" : false,
      "hasContent" : true
    }, {
      "name" : "Given server for url answers (url: /navigation, response: \n                {\n                    \"accounts\": [\n                        {\n                            \"name\": \"John\",\n                            \"amount\": 100\n                        }\n                    ]\n                }\n                )",
      "time" : {
        "start" : 1594219847394,
        "stop" : 1594219847395,
        "duration" : 1
      },
      "status" : "passed",
      "steps" : [ ],
      "attachments" : [ ],
      "parameters" : [ ],
      "stepsCount" : 0,
      "attachmentsCount" : 0,
      "shouldDisplayMessage" : false,
      "hasContent" : false
    } ],
    "attachments" : [ {
      "uid" : "417fc95f7c6d5f70",
      "name" : "request http://localhost:35050/navigation",
      "source" : "417fc95f7c6d5f70.txt",
      "type" : "text/plain",
      "size" : 240
    }, {
      "uid" : "e8c22de6bee8f1d9",
      "name" : "response http://localhost:35050/navigation",
      "source" : "e8c22de6bee8f1d9.txt",
      "type" : "text/plain",
      "size" : 291
    } ],
    "parameters" : [ ],
    "stepsCount" : 2,
    "attachmentsCount" : 3,
    "shouldDisplayMessage" : true,
    "hasContent" : true
  },
  "afterStages" : [ ],
  "labels" : [ {
    "name" : "framework",
    "value" : "corounit"
  }, {
    "name" : "package",
    "value" : "ru.fix.kbdd.example.cases.NavigationTest"
  }, {
    "name" : "suite",
    "value" : "ru.fix.kbdd.example.cases.NavigationTest"
  }, {
    "name" : "testMethod",
    "value" : "navigate to element within Array that contains single element"
  }, {
    "name" : "epic",
    "value" : "Navigation"
  }, {
    "name" : "testClass",
    "value" : "ru.fix.kbdd.example.cases.NavigationTest"
  }, {
    "name" : "thread",
    "value" : "40366e9e-f519-48a2-9485-899866e65df5"
  }, {
    "name" : "resultFormat",
    "value" : "allure2"
  } ],
  "parameters" : [ ],
  "links" : [ ],
  "hidden" : true,
  "retry" : true,
  "extra" : {
    "categories" : [ ],
    "tags" : [ ]
  },
  "source" : "7607589c3805782b.json",
  "parameterValues" : [ ]
}