{
  "uid" : "9d6e274aa1b2e7c4",
  "name" : "navigate to element within Array that contains single element",
  "fullName" : "navigate to element within Array that contains single element",
  "historyId" : "5a44c121693834b52c986fa4d2ac8549",
  "time" : {
    "start" : 1594219902039,
    "stop" : 1594219903680,
    "duration" : 1641
  },
  "description" : "\n        Singleton arrays support 'single' navigation method         \n    ",
  "descriptionHtml" : "<pre><code>    Singleton arrays support 'single' navigation method         \n</code></pre>\n",
  "status" : "broken",
  "statusMessage" : "Failed to access bodyJson()[\"accounts\"].single(). Current value is null.",
  "statusTrace" : "java.lang.IllegalArgumentException: Failed to access bodyJson()[\"accounts\"].single(). Current value is null.\n\tat ru.fix.kbdd.asserts.NavigationContext$DefaultImpls.requireNotNullNode(Explorable.kt:49)\n\tat ru.fix.kbdd.asserts.KPath$context$1.requireNotNullNode(KPath.kt:29)\n\tat ru.fix.kbdd.asserts.NavigationContext$DefaultImpls.requireNotNullList(Explorable.kt:63)\n\tat ru.fix.kbdd.asserts.KPath$context$1.requireNotNullList(KPath.kt:29)\n\tat ru.fix.kbdd.asserts.ExplorableKt$single$1$1.node(Explorable.kt:193)\n\tat ru.fix.kbdd.asserts.KPath.navigate(KPath.kt:48)\n\tat ru.fix.kbdd.asserts.ExplorableKt.single(Explorable.kt:189)\n\tat ru.fix.kbdd.example.cases.NavigationTest.navigate to element within Array that contains single element(NavigationTest.kt:188)\n\tat ru.fix.kbdd.example.cases.NavigationTest$navigate to element within Array that contains single element$1.invokeSuspend(NavigationTest.kt)\n\tat \b\b\b(Coroutine boundary.\b(\b)\n\tat ru.fix.corounit.engine.ExecutionContext.notifyListenerAndRunInSupervisorScope(ExecutionContext.kt:21)\n\tat ru.fix.corounit.engine.ClassRunner$executeMethod$2.invokeSuspend(ClassRunner.kt:118)\nCaused by: java.lang.IllegalArgumentException: Failed to access bodyJson()[\"accounts\"].single(). Current value is null.\n\tat ru.fix.kbdd.asserts.NavigationContext$DefaultImpls.requireNotNullNode(Explorable.kt:49)\n\tat ru.fix.kbdd.asserts.KPath$context$1.requireNotNullNode(KPath.kt:29)\n\tat ru.fix.kbdd.asserts.NavigationContext$DefaultImpls.requireNotNullList(Explorable.kt:63)\n\tat ru.fix.kbdd.asserts.KPath$context$1.requireNotNullList(KPath.kt:29)\n\tat ru.fix.kbdd.asserts.ExplorableKt$single$1$1.node(Explorable.kt:193)\n\tat ru.fix.kbdd.asserts.KPath.navigate(KPath.kt:48)\n\tat ru.fix.kbdd.asserts.ExplorableKt.single(Explorable.kt:189)\n\tat ru.fix.kbdd.example.cases.NavigationTest.navigate to element within Array that contains single element(NavigationTest.kt:188)\n\tat ru.fix.kbdd.example.cases.NavigationTest$navigate to element within Array that contains single element$1.invokeSuspend(NavigationTest.kt)\n\tat kotlin.coroutines.jvm.internal.BaseContinuationImpl.resumeWith(ContinuationImpl.kt:33)\n\tat kotlinx.coroutines.DispatchedTask.run(DispatchedTask.kt:56)\n\tat java.base/java.util.concurrent.ThreadPoolExecutor.runWorker(ThreadPoolExecutor.java:1128)\n\tat java.base/java.util.concurrent.ThreadPoolExecutor$Worker.run(ThreadPoolExecutor.java:628)\n\tat java.base/java.lang.Thread.run(Thread.java:834)\n",
  "flaky" : false,
  "newFailed" : false,
  "beforeStages" : [ ],
  "testStage" : {
    "description" : "\n        Singleton arrays support 'single' navigation method         \n    ",
    "status" : "broken",
    "statusMessage" : "Failed to access bodyJson()[\"accounts\"].single(). Current value is null.",
    "statusTrace" : "java.lang.IllegalArgumentException: Failed to access bodyJson()[\"accounts\"].single(). Current value is null.\n\tat ru.fix.kbdd.asserts.NavigationContext$DefaultImpls.requireNotNullNode(Explorable.kt:49)\n\tat ru.fix.kbdd.asserts.KPath$context$1.requireNotNullNode(KPath.kt:29)\n\tat ru.fix.kbdd.asserts.NavigationContext$DefaultImpls.requireNotNullList(Explorable.kt:63)\n\tat ru.fix.kbdd.asserts.KPath$context$1.requireNotNullList(KPath.kt:29)\n\tat ru.fix.kbdd.asserts.ExplorableKt$single$1$1.node(Explorable.kt:193)\n\tat ru.fix.kbdd.asserts.KPath.navigate(KPath.kt:48)\n\tat ru.fix.kbdd.asserts.ExplorableKt.single(Explorable.kt:189)\n\tat ru.fix.kbdd.example.cases.NavigationTest.navigate to element within Array that contains single element(NavigationTest.kt:188)\n\tat ru.fix.kbdd.example.cases.NavigationTest$navigate to element within Array that contains single element$1.invokeSuspend(NavigationTest.kt)\n\tat \b\b\b(Coroutine boundary.\b(\b)\n\tat ru.fix.corounit.engine.ExecutionContext.notifyListenerAndRunInSupervisorScope(ExecutionContext.kt:21)\n\tat ru.fix.corounit.engine.ClassRunner$executeMethod$2.invokeSuspend(ClassRunner.kt:118)\nCaused by: java.lang.IllegalArgumentException: Failed to access bodyJson()[\"accounts\"].single(). Current value is null.\n\tat ru.fix.kbdd.asserts.NavigationContext$DefaultImpls.requireNotNullNode(Explorable.kt:49)\n\tat ru.fix.kbdd.asserts.KPath$context$1.requireNotNullNode(KPath.kt:29)\n\tat ru.fix.kbdd.asserts.NavigationContext$DefaultImpls.requireNotNullList(Explorable.kt:63)\n\tat ru.fix.kbdd.asserts.KPath$context$1.requireNotNullList(KPath.kt:29)\n\tat ru.fix.kbdd.asserts.ExplorableKt$single$1$1.node(Explorable.kt:193)\n\tat ru.fix.kbdd.asserts.KPath.navigate(KPath.kt:48)\n\tat ru.fix.kbdd.asserts.ExplorableKt.single(Explorable.kt:189)\n\tat ru.fix.kbdd.example.cases.NavigationTest.navigate to element within Array that contains single element(NavigationTest.kt:188)\n\tat ru.fix.kbdd.example.cases.NavigationTest$navigate to element within Array that contains single element$1.invokeSuspend(NavigationTest.kt)\n\tat kotlin.coroutines.jvm.internal.BaseContinuationImpl.resumeWith(ContinuationImpl.kt:33)\n\tat kotlinx.coroutines.DispatchedTask.run(DispatchedTask.kt:56)\n\tat java.base/java.util.concurrent.ThreadPoolExecutor.runWorker(ThreadPoolExecutor.java:1128)\n\tat java.base/java.util.concurrent.ThreadPoolExecutor$Worker.run(ThreadPoolExecutor.java:628)\n\tat java.base/java.lang.Thread.run(Thread.java:834)\n",
    "steps" : [ {
      "name" : "Code snippet",
      "time" : {
        "start" : 1594219902078,
        "stop" : 1594219902079,
        "duration" : 1
      },
      "status" : "passed",
      "steps" : [ ],
      "attachments" : [ {
        "uid" : "d0c1b1f282e2064b",
        "name" : "code-snippet",
        "source" : "d0c1b1f282e2064b.txt",
        "type" : "text/plain",
        "size" : 750
      } ],
      "parameters" : [ ],
      "stepsCount" : 0,
      "attachmentsCount" : 1,
      "shouldDisplayMessage" : false,
      "hasContent" : true
    }, {
      "name" : "Given server for url answers (url: /navigation, response: \n                {\n                    \"accounts\": [\n                        {\n                            \"name\": \"John\",\n                            \"amount\": 100\n                        }\n                    ]\n                }\n                )",
      "time" : {
        "start" : 1594219902091,
        "stop" : 1594219902093,
        "duration" : 2
      },
      "status" : "passed",
      "steps" : [ ],
      "attachments" : [ ],
      "parameters" : [ ],
      "stepsCount" : 0,
      "attachmentsCount" : 0,
      "shouldDisplayMessage" : false,
      "hasContent" : false
    } ],
    "attachments" : [ {
      "uid" : "b21c49907146d464",
      "name" : "request http://localhost:43928/navigation",
      "source" : "b21c49907146d464.txt",
      "type" : "text/plain",
      "size" : 240
    }, {
      "uid" : "1c50b2c41595c153",
      "name" : "response http://localhost:43928/navigation",
      "source" : "1c50b2c41595c153.txt",
      "type" : "text/plain",
      "size" : 291
    } ],
    "parameters" : [ ],
    "stepsCount" : 2,
    "attachmentsCount" : 3,
    "shouldDisplayMessage" : true,
    "hasContent" : true
  },
  "afterStages" : [ ],
  "labels" : [ {
    "name" : "framework",
    "value" : "corounit"
  }, {
    "name" : "package",
    "value" : "ru.fix.kbdd.example.cases.NavigationTest"
  }, {
    "name" : "suite",
    "value" : "ru.fix.kbdd.example.cases.NavigationTest"
  }, {
    "name" : "testMethod",
    "value" : "navigate to element within Array that contains single element"
  }, {
    "name" : "epic",
    "value" : "Navigation"
  }, {
    "name" : "testClass",
    "value" : "ru.fix.kbdd.example.cases.NavigationTest"
  }, {
    "name" : "thread",
    "value" : "f6faefd0-ac1e-43ae-8544-6ba32efc6874"
  }, {
    "name" : "resultFormat",
    "value" : "allure2"
  } ],
  "parameters" : [ ],
  "links" : [ ],
  "hidden" : true,
  "retry" : true,
  "extra" : {
    "categories" : [ ],
    "tags" : [ ]
  },
  "source" : "9d6e274aa1b2e7c4.json",
  "parameterValues" : [ ]
}