{
  "uid" : "f917e06f73d211e9",
  "name" : "use map to process each elements of array",
  "fullName" : "use map to process each elements of array",
  "historyId" : "915c4165570a6685d31cea8ace256ab8",
  "time" : {
    "start" : 1594219847283,
    "stop" : 1594219850502,
    "duration" : 3219
  },
  "description" : "\n        Arrays support map method that get you access to each of the itmes\n    ",
  "descriptionHtml" : "<pre><code>    Arrays support map method that get you access to each of the itmes\n</code></pre>\n",
  "status" : "broken",
  "statusMessage" : "Failed to access bodyJson()[\"accounts\"].size(). Current value is null.",
  "statusTrace" : "java.lang.IllegalArgumentException: Failed to access bodyJson()[\"accounts\"].size(). Current value is null.\n\tat ru.fix.kbdd.asserts.NavigationContext$DefaultImpls.requireNotNullNode(Explorable.kt:49)\n\tat ru.fix.kbdd.asserts.KPath$context$1.requireNotNullNode(KPath.kt:29)\n\tat ru.fix.kbdd.asserts.NavigationContext$DefaultImpls.requireNotNullList(Explorable.kt:63)\n\tat ru.fix.kbdd.asserts.KPath$context$1.requireNotNullList(KPath.kt:29)\n\tat ru.fix.kbdd.asserts.ExplorableKt$size$1$1.node(Explorable.kt:183)\n\tat ru.fix.kbdd.asserts.KPath.navigate(KPath.kt:48)\n\tat ru.fix.kbdd.asserts.ExplorableKt.size(Explorable.kt:179)\n\tat ru.fix.kbdd.asserts.ExplorableKt.map(Explorable.kt:164)\n\tat ru.fix.kbdd.example.cases.NavigationTest$use map to process each elements of array$3.invokeSuspend(NavigationTest.kt:222)\n\tat ru.fix.kbdd.example.cases.NavigationTest$use map to process each elements of array$3.invoke(NavigationTest.kt)\n\tat ru.fix.corounit.allure.AllureStep$step$result$1.invokeSuspend(AllureStep.kt:72)\n\tat ru.fix.corounit.allure.AllureStep$step$result$1.invoke(AllureStep.kt)\n\tat kotlinx.coroutines.intrinsics.UndispatchedKt.startUndispatchedOrReturn(Undispatched.kt:91)\n\tat kotlinx.coroutines.BuildersKt__Builders_commonKt.withContext(Builders.common.kt:154)\n\tat kotlinx.coroutines.BuildersKt.withContext(Unknown Source)\n\tat ru.fix.corounit.allure.AllureStep.step(AllureStep.kt:71)\n\tat ru.fix.corounit.allure.AllureKt.invoke(Allure.kt:16)\n\tat ru.fix.kbdd.example.cases.NavigationTest.use map to process each elements of array(NavigationTest.kt:221)\n\tat ru.fix.kbdd.example.cases.NavigationTest$use map to process each elements of array$1.invokeSuspend(NavigationTest.kt)\n\tat \b\b\b(Coroutine boundary.\b(\b)\n\tat ru.fix.corounit.allure.AllureStep.step(AllureStep.kt:71)\n\tat ru.fix.corounit.allure.AllureKt.invoke(Allure.kt:16)\n\tat ru.fix.kbdd.example.cases.NavigationTest.use map to process each elements of array(NavigationTest.kt:221)\n\tat kotlin.reflect.full.KCallables.callSuspend(KCallables.kt:55)\n\tat ru.fix.corounit.engine.ClassRunner.invokeMethodOnTestInstance(ClassRunner.kt:148)\n\tat ru.fix.corounit.engine.ClassRunner$executeMethod$2$thr$1.invokeSuspend(ClassRunner.kt:123)\n\tat ru.fix.corounit.engine.ExecutionContext$notifyListenerAndRunInSupervisorScope$2.invokeSuspend(ExecutionContext.kt:22)\n\tat ru.fix.corounit.engine.ExecutionContext.notifyListenerAndRunInSupervisorScope(ExecutionContext.kt:21)\n\tat ru.fix.corounit.engine.ClassRunner$executeMethod$2.invokeSuspend(ClassRunner.kt:118)\nCaused by: java.lang.IllegalArgumentException: Failed to access bodyJson()[\"accounts\"].size(). Current value is null.\n\tat ru.fix.kbdd.asserts.NavigationContext$DefaultImpls.requireNotNullNode(Explorable.kt:49)\n\tat ru.fix.kbdd.asserts.KPath$context$1.requireNotNullNode(KPath.kt:29)\n\tat ru.fix.kbdd.asserts.NavigationContext$DefaultImpls.requireNotNullList(Explorable.kt:63)\n\tat ru.fix.kbdd.asserts.KPath$context$1.requireNotNullList(KPath.kt:29)\n\tat ru.fix.kbdd.asserts.ExplorableKt$size$1$1.node(Explorable.kt:183)\n\tat ru.fix.kbdd.asserts.KPath.navigate(KPath.kt:48)\n\tat ru.fix.kbdd.asserts.ExplorableKt.size(Explorable.kt:179)\n\tat ru.fix.kbdd.asserts.ExplorableKt.map(Explorable.kt:164)\n\tat ru.fix.kbdd.example.cases.NavigationTest$use map to process each elements of array$3.invokeSuspend(NavigationTest.kt:222)\n\tat ru.fix.kbdd.example.cases.NavigationTest$use map to process each elements of array$3.invoke(NavigationTest.kt)\n\tat ru.fix.corounit.allure.AllureStep$step$result$1.invokeSuspend(AllureStep.kt:72)\n\tat ru.fix.corounit.allure.AllureStep$step$result$1.invoke(AllureStep.kt)\n\tat kotlinx.coroutines.intrinsics.UndispatchedKt.startUndispatchedOrReturn(Undispatched.kt:91)\n\tat kotlinx.coroutines.BuildersKt__Builders_commonKt.withContext(Builders.common.kt:154)\n\tat kotlinx.coroutines.BuildersKt.withContext(Unknown Source)\n\tat ru.fix.corounit.allure.AllureStep.step(AllureStep.kt:71)\n\tat ru.fix.corounit.allure.AllureKt.invoke(Allure.kt:16)\n\tat ru.fix.kbdd.example.cases.NavigationTest.use map to process each elements of array(NavigationTest.kt:221)\n\tat ru.fix.kbdd.example.cases.NavigationTest$use map to process each elements of array$1.invokeSuspend(NavigationTest.kt)\n\tat kotlin.coroutines.jvm.internal.BaseContinuationImpl.resumeWith(ContinuationImpl.kt:33)\n\tat kotlinx.coroutines.DispatchedTask.run(DispatchedTask.kt:56)\n\tat java.base/java.util.concurrent.ThreadPoolExecutor.runWorker(ThreadPoolExecutor.java:1128)\n\tat java.base/java.util.concurrent.ThreadPoolExecutor$Worker.run(ThreadPoolExecutor.java:628)\n\tat java.base/java.lang.Thread.run(Thread.java:834)\n",
  "flaky" : false,
  "newFailed" : false,
  "beforeStages" : [ ],
  "testStage" : {
    "description" : "\n        Arrays support map method that get you access to each of the itmes\n    ",
    "status" : "broken",
    "statusMessage" : "Failed to access bodyJson()[\"accounts\"].size(). Current value is null.",
    "statusTrace" : "java.lang.IllegalArgumentException: Failed to access bodyJson()[\"accounts\"].size(). Current value is null.\n\tat ru.fix.kbdd.asserts.NavigationContext$DefaultImpls.requireNotNullNode(Explorable.kt:49)\n\tat ru.fix.kbdd.asserts.KPath$context$1.requireNotNullNode(KPath.kt:29)\n\tat ru.fix.kbdd.asserts.NavigationContext$DefaultImpls.requireNotNullList(Explorable.kt:63)\n\tat ru.fix.kbdd.asserts.KPath$context$1.requireNotNullList(KPath.kt:29)\n\tat ru.fix.kbdd.asserts.ExplorableKt$size$1$1.node(Explorable.kt:183)\n\tat ru.fix.kbdd.asserts.KPath.navigate(KPath.kt:48)\n\tat ru.fix.kbdd.asserts.ExplorableKt.size(Explorable.kt:179)\n\tat ru.fix.kbdd.asserts.ExplorableKt.map(Explorable.kt:164)\n\tat ru.fix.kbdd.example.cases.NavigationTest$use map to process each elements of array$3.invokeSuspend(NavigationTest.kt:222)\n\tat ru.fix.kbdd.example.cases.NavigationTest$use map to process each elements of array$3.invoke(NavigationTest.kt)\n\tat ru.fix.corounit.allure.AllureStep$step$result$1.invokeSuspend(AllureStep.kt:72)\n\tat ru.fix.corounit.allure.AllureStep$step$result$1.invoke(AllureStep.kt)\n\tat kotlinx.coroutines.intrinsics.UndispatchedKt.startUndispatchedOrReturn(Undispatched.kt:91)\n\tat kotlinx.coroutines.BuildersKt__Builders_commonKt.withContext(Builders.common.kt:154)\n\tat kotlinx.coroutines.BuildersKt.withContext(Unknown Source)\n\tat ru.fix.corounit.allure.AllureStep.step(AllureStep.kt:71)\n\tat ru.fix.corounit.allure.AllureKt.invoke(Allure.kt:16)\n\tat ru.fix.kbdd.example.cases.NavigationTest.use map to process each elements of array(NavigationTest.kt:221)\n\tat ru.fix.kbdd.example.cases.NavigationTest$use map to process each elements of array$1.invokeSuspend(NavigationTest.kt)\n\tat \b\b\b(Coroutine boundary.\b(\b)\n\tat ru.fix.corounit.allure.AllureStep.step(AllureStep.kt:71)\n\tat ru.fix.corounit.allure.AllureKt.invoke(Allure.kt:16)\n\tat ru.fix.kbdd.example.cases.NavigationTest.use map to process each elements of array(NavigationTest.kt:221)\n\tat kotlin.reflect.full.KCallables.callSuspend(KCallables.kt:55)\n\tat ru.fix.corounit.engine.ClassRunner.invokeMethodOnTestInstance(ClassRunner.kt:148)\n\tat ru.fix.corounit.engine.ClassRunner$executeMethod$2$thr$1.invokeSuspend(ClassRunner.kt:123)\n\tat ru.fix.corounit.engine.ExecutionContext$notifyListenerAndRunInSupervisorScope$2.invokeSuspend(ExecutionContext.kt:22)\n\tat ru.fix.corounit.engine.ExecutionContext.notifyListenerAndRunInSupervisorScope(ExecutionContext.kt:21)\n\tat ru.fix.corounit.engine.ClassRunner$executeMethod$2.invokeSuspend(ClassRunner.kt:118)\nCaused by: java.lang.IllegalArgumentException: Failed to access bodyJson()[\"accounts\"].size(). Current value is null.\n\tat ru.fix.kbdd.asserts.NavigationContext$DefaultImpls.requireNotNullNode(Explorable.kt:49)\n\tat ru.fix.kbdd.asserts.KPath$context$1.requireNotNullNode(KPath.kt:29)\n\tat ru.fix.kbdd.asserts.NavigationContext$DefaultImpls.requireNotNullList(Explorable.kt:63)\n\tat ru.fix.kbdd.asserts.KPath$context$1.requireNotNullList(KPath.kt:29)\n\tat ru.fix.kbdd.asserts.ExplorableKt$size$1$1.node(Explorable.kt:183)\n\tat ru.fix.kbdd.asserts.KPath.navigate(KPath.kt:48)\n\tat ru.fix.kbdd.asserts.ExplorableKt.size(Explorable.kt:179)\n\tat ru.fix.kbdd.asserts.ExplorableKt.map(Explorable.kt:164)\n\tat ru.fix.kbdd.example.cases.NavigationTest$use map to process each elements of array$3.invokeSuspend(NavigationTest.kt:222)\n\tat ru.fix.kbdd.example.cases.NavigationTest$use map to process each elements of array$3.invoke(NavigationTest.kt)\n\tat ru.fix.corounit.allure.AllureStep$step$result$1.invokeSuspend(AllureStep.kt:72)\n\tat ru.fix.corounit.allure.AllureStep$step$result$1.invoke(AllureStep.kt)\n\tat kotlinx.coroutines.intrinsics.UndispatchedKt.startUndispatchedOrReturn(Undispatched.kt:91)\n\tat kotlinx.coroutines.BuildersKt__Builders_commonKt.withContext(Builders.common.kt:154)\n\tat kotlinx.coroutines.BuildersKt.withContext(Unknown Source)\n\tat ru.fix.corounit.allure.AllureStep.step(AllureStep.kt:71)\n\tat ru.fix.corounit.allure.AllureKt.invoke(Allure.kt:16)\n\tat ru.fix.kbdd.example.cases.NavigationTest.use map to process each elements of array(NavigationTest.kt:221)\n\tat ru.fix.kbdd.example.cases.NavigationTest$use map to process each elements of array$1.invokeSuspend(NavigationTest.kt)\n\tat kotlin.coroutines.jvm.internal.BaseContinuationImpl.resumeWith(ContinuationImpl.kt:33)\n\tat kotlinx.coroutines.DispatchedTask.run(DispatchedTask.kt:56)\n\tat java.base/java.util.concurrent.ThreadPoolExecutor.runWorker(ThreadPoolExecutor.java:1128)\n\tat java.base/java.util.concurrent.ThreadPoolExecutor$Worker.run(ThreadPoolExecutor.java:628)\n\tat java.base/java.lang.Thread.run(Thread.java:834)\n",
    "steps" : [ {
      "name" : "Code snippet",
      "time" : {
        "start" : 1594219847394,
        "stop" : 1594219847395,
        "duration" : 1
      },
      "status" : "passed",
      "steps" : [ ],
      "attachments" : [ {
        "uid" : "da98aa9e4bb3e5b9",
        "name" : "code-snippet",
        "source" : "da98aa9e4bb3e5b9.txt",
        "type" : "text/plain",
        "size" : 1224
      } ],
      "parameters" : [ ],
      "stepsCount" : 0,
      "attachmentsCount" : 1,
      "shouldDisplayMessage" : false,
      "hasContent" : true
    }, {
      "name" : "Given server for url answers (url: /navigation, response: \n                {\n                    \"accounts\": [\n                        {\n                            \"name\": \"John\",\n                            \"amount\": 100\n                        },\n                        {\n                            \"name\": \"Jane\",\n                            \"amount\": 200\n                        }\n                    ]\n                }\n                )",
      "time" : {
        "start" : 1594219847395,
        "stop" : 1594219847395,
        "duration" : 0
      },
      "status" : "passed",
      "steps" : [ ],
      "attachments" : [ ],
      "parameters" : [ ],
      "stepsCount" : 0,
      "attachmentsCount" : 0,
      "shouldDisplayMessage" : false,
      "hasContent" : false
    }, {
      "name" : "using 'map' method to access all children",
      "time" : {
        "start" : 1594219850242,
        "stop" : 1594219850497,
        "duration" : 255
      },
      "status" : "broken",
      "statusMessage" : "Failed to access bodyJson()[\"accounts\"].size(). Current value is null.",
      "statusTrace" : "java.lang.IllegalArgumentException: Failed to access bodyJson()[\"accounts\"].size(). Current value is null.\n\tat ru.fix.kbdd.asserts.NavigationContext$DefaultImpls.requireNotNullNode(Explorable.kt:49)\n\tat ru.fix.kbdd.asserts.KPath$context$1.requireNotNullNode(KPath.kt:29)\n\tat ru.fix.kbdd.asserts.NavigationContext$DefaultImpls.requireNotNullList(Explorable.kt:63)\n\tat ru.fix.kbdd.asserts.KPath$context$1.requireNotNullList(KPath.kt:29)\n\tat ru.fix.kbdd.asserts.ExplorableKt$size$1$1.node(Explorable.kt:183)\n\tat ru.fix.kbdd.asserts.KPath.navigate(KPath.kt:48)\n\tat ru.fix.kbdd.asserts.ExplorableKt.size(Explorable.kt:179)\n\tat ru.fix.kbdd.asserts.ExplorableKt.map(Explorable.kt:164)\n\tat ru.fix.kbdd.example.cases.NavigationTest$use map to process each elements of array$3.invokeSuspend(NavigationTest.kt:222)\n\tat ru.fix.kbdd.example.cases.NavigationTest$use map to process each elements of array$3.invoke(NavigationTest.kt)\n\tat ru.fix.corounit.allure.AllureStep$step$result$1.invokeSuspend(AllureStep.kt:72)\n\tat ru.fix.corounit.allure.AllureStep$step$result$1.invoke(AllureStep.kt)\n\tat kotlinx.coroutines.intrinsics.UndispatchedKt.startUndispatchedOrReturn(Undispatched.kt:91)\n\tat kotlinx.coroutines.BuildersKt__Builders_commonKt.withContext(Builders.common.kt:154)\n\tat kotlinx.coroutines.BuildersKt.withContext(Unknown Source)\n\tat ru.fix.corounit.allure.AllureStep.step(AllureStep.kt:71)\n\tat ru.fix.corounit.allure.AllureKt.invoke(Allure.kt:16)\n\tat ru.fix.kbdd.example.cases.NavigationTest.use map to process each elements of array(NavigationTest.kt:221)\n\tat ru.fix.kbdd.example.cases.NavigationTest$use map to process each elements of array$1.invokeSuspend(NavigationTest.kt)\n\tat \b\b\b(Coroutine boundary.\b(\b)\n\tat ru.fix.corounit.allure.AllureStep.step(AllureStep.kt:71)\n\tat ru.fix.corounit.allure.AllureKt.invoke(Allure.kt:16)\n\tat ru.fix.kbdd.example.cases.NavigationTest.use map to process each elements of array(NavigationTest.kt:221)\n\tat kotlin.reflect.full.KCallables.callSuspend(KCallables.kt:55)\n\tat ru.fix.corounit.engine.ClassRunner.invokeMethodOnTestInstance(ClassRunner.kt:148)\n\tat ru.fix.corounit.engine.ClassRunner$executeMethod$2$thr$1.invokeSuspend(ClassRunner.kt:123)\n\tat ru.fix.corounit.engine.ExecutionContext$notifyListenerAndRunInSupervisorScope$2.invokeSuspend(ExecutionContext.kt:22)\n\tat ru.fix.corounit.engine.ExecutionContext.notifyListenerAndRunInSupervisorScope(ExecutionContext.kt:21)\n\tat ru.fix.corounit.engine.ClassRunner$executeMethod$2.invokeSuspend(ClassRunner.kt:118)\nCaused by: java.lang.IllegalArgumentException: Failed to access bodyJson()[\"accounts\"].size(). Current value is null.\n\tat ru.fix.kbdd.asserts.NavigationContext$DefaultImpls.requireNotNullNode(Explorable.kt:49)\n\tat ru.fix.kbdd.asserts.KPath$context$1.requireNotNullNode(KPath.kt:29)\n\tat ru.fix.kbdd.asserts.NavigationContext$DefaultImpls.requireNotNullList(Explorable.kt:63)\n\tat ru.fix.kbdd.asserts.KPath$context$1.requireNotNullList(KPath.kt:29)\n\tat ru.fix.kbdd.asserts.ExplorableKt$size$1$1.node(Explorable.kt:183)\n\tat ru.fix.kbdd.asserts.KPath.navigate(KPath.kt:48)\n\tat ru.fix.kbdd.asserts.ExplorableKt.size(Explorable.kt:179)\n\tat ru.fix.kbdd.asserts.ExplorableKt.map(Explorable.kt:164)\n\tat ru.fix.kbdd.example.cases.NavigationTest$use map to process each elements of array$3.invokeSuspend(NavigationTest.kt:222)\n\tat ru.fix.kbdd.example.cases.NavigationTest$use map to process each elements of array$3.invoke(NavigationTest.kt)\n\tat ru.fix.corounit.allure.AllureStep$step$result$1.invokeSuspend(AllureStep.kt:72)\n\tat ru.fix.corounit.allure.AllureStep$step$result$1.invoke(AllureStep.kt)\n\tat kotlinx.coroutines.intrinsics.UndispatchedKt.startUndispatchedOrReturn(Undispatched.kt:91)\n\tat kotlinx.coroutines.BuildersKt__Builders_commonKt.withContext(Builders.common.kt:154)\n\tat kotlinx.coroutines.BuildersKt.withContext(Unknown Source)\n\tat ru.fix.corounit.allure.AllureStep.step(AllureStep.kt:71)\n\tat ru.fix.corounit.allure.AllureKt.invoke(Allure.kt:16)\n\tat ru.fix.kbdd.example.cases.NavigationTest.use map to process each elements of array(NavigationTest.kt:221)\n\tat ru.fix.kbdd.example.cases.NavigationTest$use map to process each elements of array$1.invokeSuspend(NavigationTest.kt)\n\tat kotlin.coroutines.jvm.internal.BaseContinuationImpl.resumeWith(ContinuationImpl.kt:33)\n\tat kotlinx.coroutines.DispatchedTask.run(DispatchedTask.kt:56)\n\tat java.base/java.util.concurrent.ThreadPoolExecutor.runWorker(ThreadPoolExecutor.java:1128)\n\tat java.base/java.util.concurrent.ThreadPoolExecutor$Worker.run(ThreadPoolExecutor.java:628)\n\tat java.base/java.lang.Thread.run(Thread.java:834)\n",
      "steps" : [ ],
      "attachments" : [ ],
      "parameters" : [ ],
      "stepsCount" : 0,
      "attachmentsCount" : 0,
      "shouldDisplayMessage" : true,
      "hasContent" : true
    } ],
    "attachments" : [ {
      "uid" : "c8303020e21f1c51",
      "name" : "request http://localhost:35050/navigation",
      "source" : "c8303020e21f1c51.txt",
      "type" : "text/plain",
      "size" : 240
    }, {
      "uid" : "2638113d43cc48f4",
      "name" : "response http://localhost:35050/navigation",
      "source" : "2638113d43cc48f4.txt",
      "type" : "text/plain",
      "size" : 291
    } ],
    "parameters" : [ ],
    "stepsCount" : 3,
    "attachmentsCount" : 3,
    "shouldDisplayMessage" : false,
    "hasContent" : true
  },
  "afterStages" : [ ],
  "labels" : [ {
    "name" : "framework",
    "value" : "corounit"
  }, {
    "name" : "package",
    "value" : "ru.fix.kbdd.example.cases.NavigationTest"
  }, {
    "name" : "suite",
    "value" : "ru.fix.kbdd.example.cases.NavigationTest"
  }, {
    "name" : "testMethod",
    "value" : "use map to process each elements of array"
  }, {
    "name" : "epic",
    "value" : "Navigation"
  }, {
    "name" : "testClass",
    "value" : "ru.fix.kbdd.example.cases.NavigationTest"
  }, {
    "name" : "thread",
    "value" : "cad16b28-9f1a-4673-b662-62bc55baa146"
  }, {
    "name" : "resultFormat",
    "value" : "allure2"
  } ],
  "parameters" : [ ],
  "links" : [ ],
  "hidden" : true,
  "retry" : true,
  "extra" : {
    "categories" : [ ],
    "tags" : [ ]
  },
  "source" : "f917e06f73d211e9.json",
  "parameterValues" : [ ]
}